app/build/outputs/logs/manifest-merger-debug-report.txt
-- Merging decision tree log ---
manifest
ADDED from src\main\AndroidManifest.xml:2:1-32:12
	package
		ADDED from src\main\AndroidManifest.xml:3:5-41
		INJECTED from src\main\AndroidManifest.xml
		INJECTED from src\main\AndroidManifest.xml
	android:versionName
		INJECTED from src\main\AndroidManifest.xml
		INJECTED from src\main\AndroidManifest.xml
	xmlns:android
		ADDED from src\main\AndroidManifest.xml:2:11-69
	android:versionCode
		INJECTED from src\main\AndroidManifest.xml
		INJECTED from src\main\AndroidManifest.xml
uses-permission#android.permission.INTERNET
ADDED from src\main\AndroidManifest.xml:5:5-67
MERGED from [com.google.firebase:firebase-analytics:9.0.0] AndroidManifest.xml:21:5-67
MERGED from [com.google.firebase:firebase-analytics-impl:9.0.0] AndroidManifest.xml:21:5-67
MERGED from [com.google.firebase:firebase-iid:9.0.0] AndroidManifest.xml:21:5-67
MERGED from [com.daimajia.slider:library:1.1.5] AndroidManifest.xml:11:5-67
MERGED from [com.google.android.gms:play-services-analytics:9.0.0] AndroidManifest.xml:21:5-67
MERGED from [com.google.android.gms:play-services-analytics-impl:9.0.0] AndroidManifest.xml:21:5-67
	android:name
		ADDED from src\main\AndroidManifest.xml:5:22-64
uses-permission#android.permission.ACCESS_NETWORK_STATE
ADDED from src\main\AndroidManifest.xml:6:5-79
MERGED from [com.google.firebase:firebase-analytics:9.0.0] AndroidManifest.xml:22:5-79
MERGED from [com.google.firebase:firebase-analytics-impl:9.0.0] AndroidManifest.xml:22:5-79
MERGED from [com.google.firebase:firebase-iid:9.0.0] AndroidManifest.xml:20:5-79
MERGED from [com.google.android.gms:play-services-analytics:9.0.0] AndroidManifest.xml:22:5-79
MERGED from [com.google.android.gms:play-services-analytics-impl:9.0.0] AndroidManifest.xml:22:5-79
	android:name
		ADDED from src\main\AndroidManifest.xml:6:22-76
uses-permission#android.permission.ACCESS_FINE_LOCATION
ADDED from src\main\AndroidManifest.xml:7:5-79
	android:name
		ADDED from src\main\AndroidManifest.xml:7:22-76
application
ADDED from src\main\AndroidManifest.xml:9:5-30:19
MERGED from [com.google.firebase:firebase-core:9.0.0] AndroidManifest.xml:5:5-20
MERGED from [com.google.firebase:firebase-analytics:9.0.0] AndroidManifest.xml:26:5-41:19
MERGED from [com.google.android.gms:play-services-basement:9.0.0] AndroidManifest.xml:20:5-24:19
MERGED from [com.android.support:support-v4:23.4.0] AndroidManifest.xml:22:5-20
MERGED from [com.google.firebase:firebase-common:9.0.0] AndroidManifest.xml:5:5-12:19
MERGED from [com.google.android.gms:play-services-basement:9.0.0] AndroidManifest.xml:20:5-24:19
MERGED from [com.android.support:support-v4:23.4.0] AndroidManifest.xml:22:5-20
MERGED from [com.google.android.gms:play-services-tasks:9.0.0] AndroidManifest.xml:5:5-20
MERGED from [com.google.android.gms:play-services-basement:9.0.0] AndroidManifest.xml:20:5-24:19
MERGED from [com.android.support:support-v4:23.4.0] AndroidManifest.xml:22:5-20
MERGED from [com.google.firebase:firebase-analytics-impl:9.0.0] AndroidManifest.xml:26:5-41:19
MERGED from [com.google.android.gms:play-services-base:9.0.0] AndroidManifest.xml:19:5-23:19
MERGED from [com.google.android.gms:play-services-basement:9.0.0] AndroidManifest.xml:20:5-24:19
MERGED from [com.android.support:support-v4:23.4.0] AndroidManifest.xml:22:5-20
MERGED from [com.google.firebase:firebase-common:9.0.0] AndroidManifest.xml:5:5-12:19
MERGED from [com.google.android.gms:play-services-basement:9.0.0] AndroidManifest.xml:20:5-24:19
MERGED from [com.android.support:support-v4:23.4.0] AndroidManifest.xml:22:5-20
MERGED from [com.google.android.gms:play-services-tasks:9.0.0] AndroidManifest.xml:5:5-20
MERGED from [com.google.android.gms:play-services-basement:9.0.0] AndroidManifest.xml:20:5-24:19
MERGED from [com.android.support:support-v4:23.4.0] AndroidManifest.xml:22:5-20
MERGED from [com.google.android.gms:play-services-tasks:9.0.0] AndroidManifest.xml:5:5-20
MERGED from [com.google.android.gms:play-services-basement:9.0.0] AndroidManifest.xml:20:5-24:19
MERGED from [com.android.support:support-v4:23.4.0] AndroidManifest.xml:22:5-20
MERGED from [com.google.android.gms:play-services-basement:9.0.0] AndroidManifest.xml:20:5-24:19
MERGED from [com.android.support:support-v4:23.4.0] AndroidManifest.xml:22:5-20
MERGED from [com.google.firebase:firebase-iid:9.0.0] AndroidManifest.xml:30:5-59:19
MERGED from [com.google.android.gms:play-services-basement:9.0.0] AndroidManifest.xml:20:5-24:19
MERGED from [com.android.support:support-v4:23.4.0] AndroidManifest.xml:22:5-20
MERGED from [com.google.firebase:firebase-common:9.0.0] AndroidManifest.xml:5:5-12:19
MERGED from [com.google.android.gms:play-services-basement:9.0.0] AndroidManifest.xml:20:5-24:19
MERGED from [com.android.support:support-v4:23.4.0] AndroidManifest.xml:22:5-20
MERGED from [com.google.android.gms:play-services-tasks:9.0.0] AndroidManifest.xml:5:5-20
MERGED from [com.google.android.gms:play-services-basement:9.0.0] AndroidManifest.xml:20:5-24:19
MERGED from [com.android.support:support-v4:23.4.0] AndroidManifest.xml:22:5-20
MERGED from [com.google.firebase:firebase-common:9.0.0] AndroidManifest.xml:5:5-12:19
MERGED from [com.google.android.gms:play-services-basement:9.0.0] AndroidManifest.xml:20:5-24:19
MERGED from [com.android.support:support-v4:23.4.0] AndroidManifest.xml:22:5-20
MERGED from [com.google.android.gms:play-services-tasks:9.0.0] AndroidManifest.xml:5:5-20
MERGED from [com.google.android.gms:play-services-basement:9.0.0] AndroidManifest.xml:20:5-24:19
MERGED from [com.android.support:support-v4:23.4.0] AndroidManifest.xml:22:5-20
MERGED from [com.android.support:appcompat-v7:23.4.0] AndroidManifest.xml:25:5-20
MERGED from [com.android.support:animated-vector-drawable:23.4.0] AndroidManifest.xml:7:5-20
MERGED from [com.android.support:support-vector-drawable:23.4.0] AndroidManifest.xml:7:5-20
MERGED from [com.android.support:support-v4:23.4.0] AndroidManifest.xml:22:5-20
MERGED from [com.android.support:support-v4:23.4.0] AndroidManifest.xml:22:5-20
MERGED from [com.android.support:support-vector-drawable:23.4.0] AndroidManifest.xml:7:5-20
MERGED from [com.android.support:support-v4:23.4.0] AndroidManifest.xml:22:5-20
MERGED from [com.android.support:cardview-v7:23.4.0] AndroidManifest.xml:22:5-20
MERGED from [com.android.support:design:23.4.0] AndroidManifest.xml:22:5-20
MERGED from [com.android.support:support-v4:23.4.0] AndroidManifest.xml:22:5-20
MERGED from [com.android.support:appcompat-v7:23.4.0] AndroidManifest.xml:25:5-20
MERGED from [com.android.support:animated-vector-drawable:23.4.0] AndroidManifest.xml:7:5-20
MERGED from [com.android.support:support-vector-drawable:23.4.0] AndroidManifest.xml:7:5-20
MERGED from [com.android.support:support-v4:23.4.0] AndroidManifest.xml:22:5-20
MERGED from [com.android.support:support-v4:23.4.0] AndroidManifest.xml:22:5-20
MERGED from [com.android.support:support-vector-drawable:23.4.0] AndroidManifest.xml:7:5-20
MERGED from [com.android.support:support-v4:23.4.0] AndroidManifest.xml:22:5-20
MERGED from [com.android.support:support-v4:23.4.0] AndroidManifest.xml:22:5-20
MERGED from [com.android.support:support-v4:23.4.0] AndroidManifest.xml:22:5-20
MERGED from [com.android.support:support-v4:23.4.0] AndroidManifest.xml:22:5-20
MERGED from [com.github.jd-alexander:LikeButton:0.2.0] AndroidManifest.xml:11:5-15:19
MERGED from [com.android.support:appcompat-v7:23.4.0] AndroidManifest.xml:25:5-20
MERGED from [com.android.support:animated-vector-drawable:23.4.0] AndroidManifest.xml:7:5-20
MERGED from [com.android.support:support-vector-drawable:23.4.0] AndroidManifest.xml:7:5-20
MERGED from [com.android.support:support-v4:23.4.0] AndroidManifest.xml:22:5-20
MERGED from [com.android.support:support-v4:23.4.0] AndroidManifest.xml:22:5-20
MERGED from [com.android.support:support-vector-drawable:23.4.0] AndroidManifest.xml:7:5-20
MERGED from [com.android.support:support-v4:23.4.0] AndroidManifest.xml:22:5-20
MERGED from [com.google.android.gms:play-services-analytics:9.0.0] AndroidManifest.xml:27:5-20
MERGED from [com.google.android.gms:play-services-analytics-impl:9.0.0] AndroidManifest.xml:27:5-20
MERGED from [com.google.android.gms:play-services-base:9.0.0] AndroidManifest.xml:19:5-23:19
MERGED from [com.google.android.gms:play-services-basement:9.0.0] AndroidManifest.xml:20:5-24:19
MERGED from [com.android.support:support-v4:23.4.0] AndroidManifest.xml:22:5-20
MERGED from [com.google.firebase:firebase-common:9.0.0] AndroidManifest.xml:5:5-12:19
MERGED from [com.google.android.gms:play-services-basement:9.0.0] AndroidManifest.xml:20:5-24:19
MERGED from [com.android.support:support-v4:23.4.0] AndroidManifest.xml:22:5-20
MERGED from [com.google.android.gms:play-services-tasks:9.0.0] AndroidManifest.xml:5:5-20
MERGED from [com.google.android.gms:play-services-basement:9.0.0] AndroidManifest.xml:20:5-24:19
MERGED from [com.android.support:support-v4:23.4.0] AndroidManifest.xml:22:5-20
MERGED from [com.google.android.gms:play-services-tasks:9.0.0] AndroidManifest.xml:5:5-20
MERGED from [com.google.android.gms:play-services-basement:9.0.0] AndroidManifest.xml:20:5-24:19
MERGED from [com.android.support:support-v4:23.4.0] AndroidManifest.xml:22:5-20
MERGED from [com.google.android.gms:play-services-basement:9.0.0] AndroidManifest.xml:20:5-24:19
MERGED from [com.android.support:support-v4:23.4.0] AndroidManifest.xml:22:5-20
MERGED from [com.google.android.gms:play-services-base:9.0.0] AndroidManifest.xml:19:5-23:19
MERGED from [com.google.android.gms:play-services-basement:9.0.0] AndroidManifest.xml:20:5-24:19
MERGED from [com.android.support:support-v4:23.4.0] AndroidManifest.xml:22:5-20
MERGED from [com.google.firebase:firebase-common:9.0.0] AndroidManifest.xml:5:5-12:19
MERGED from [com.google.android.gms:play-services-basement:9.0.0] AndroidManifest.xml:20:5-24:19
MERGED from [com.android.support:support-v4:23.4.0] AndroidManifest.xml:22:5-20
MERGED from [com.google.android.gms:play-services-tasks:9.0.0] AndroidManifest.xml:5:5-20
MERGED from [com.google.android.gms:play-services-basement:9.0.0] AndroidManifest.xml:20:5-24:19
MERGED from [com.android.support:support-v4:23.4.0] AndroidManifest.xml:22:5-20
MERGED from [com.google.android.gms:play-services-tasks:9.0.0] AndroidManifest.xml:5:5-20
MERGED from [com.google.android.gms:play-services-basement:9.0.0] AndroidManifest.xml:20:5-24:19
MERGED from [com.android.support:support-v4:23.4.0] AndroidManifest.xml:22:5-20
MERGED from [com.google.android.gms:play-services-basement:9.0.0] AndroidManifest.xml:20:5-24:19
MERGED from [com.android.support:support-v4:23.4.0] AndroidManifest.xml:22:5-20
	android:label
		ADDED from src\main\AndroidManifest.xml:12:9-41
	android:supportsRtl
		ADDED from src\main\AndroidManifest.xml:13:9-35
	android:allowBackup
		ADDED from src\main\AndroidManifest.xml:10:9-35
	android:icon
		ADDED from src\main\AndroidManifest.xml:11:9-43
	android:theme
		ADDED from src\main\AndroidManifest.xml:15:9-40
	android:name
		ADDED from src\main\AndroidManifest.xml:14:9-47
activity#com.examples.rehan.excluzo.Activities.SplashActivity
ADDED from src\main\AndroidManifest.xml:16:9-22:20
	android:name
		ADDED from src\main\AndroidManifest.xml:16:19-60
intent-filter#android.intent.action.MAIN+android.intent.category.LAUNCHER
ADDED from src\main\AndroidManifest.xml:17:13-21:29
action#android.intent.action.MAIN
ADDED from src\main\AndroidManifest.xml:18:17-69
	android:name
		ADDED from src\main\AndroidManifest.xml:18:25-66
category#android.intent.category.LAUNCHER
ADDED from src\main\AndroidManifest.xml:20:17-77
	android:name
		ADDED from src\main\AndroidManifest.xml:20:27-74
activity#com.examples.rehan.excluzo.Activities.MainActivity
ADDED from src\main\AndroidManifest.xml:23:9-61
	android:name
		ADDED from src\main\AndroidManifest.xml:23:19-58
activity#com.examples.rehan.excluzo.Activities.RegisterActivity
ADDED from src\main\AndroidManifest.xml:24:9-65
	android:name
		ADDED from src\main\AndroidManifest.xml:24:19-62
activity#com.examples.rehan.excluzo.Activities.LoginActivity
ADDED from src\main\AndroidManifest.xml:25:9-62
	android:name
		ADDED from src\main\AndroidManifest.xml:25:19-59
activity#com.examples.rehan.excluzo.Activities.CategoryActivity
ADDED from src\main\AndroidManifest.xml:26:9-65
	android:name
		ADDED from src\main\AndroidManifest.xml:26:19-62
activity#com.examples.rehan.excluzo.Activities.ProductActivity
ADDED from src\main\AndroidManifest.xml:27:9-64
	android:name
		ADDED from src\main\AndroidManifest.xml:27:19-61
activity#com.examples.rehan.excluzo.Activities.CartActivity
ADDED from src\main\AndroidManifest.xml:28:9-61
	android:name
		ADDED from src\main\AndroidManifest.xml:28:19-58
activity#com.examples.rehan.excluzo.Activities.OrderPlacedActivity
ADDED from src\main\AndroidManifest.xml:29:9-77
	android:name
		ADDED from src\main\AndroidManifest.xml:29:19-65
uses-sdk
INJECTED from src\main\AndroidManifest.xml reason: use-sdk injection requested
MERGED from [com.google.firebase:firebase-core:9.0.0] AndroidManifest.xml:4:5-42
MERGED from [com.google.firebase:firebase-analytics:9.0.0] AndroidManifest.xml:18:5-42
MERGED from [com.google.android.gms:play-services-basement:9.0.0] AndroidManifest.xml:18:5-42
MERGED from [com.android.support:support-v4:23.4.0] AndroidManifest.xml:20:5-43
MERGED from [com.google.firebase:firebase-common:9.0.0] AndroidManifest.xml:4:5-43
MERGED from [com.google.android.gms:play-services-basement:9.0.0] AndroidManifest.xml:18:5-42
MERGED from [com.android.support:support-v4:23.4.0] AndroidManifest.xml:20:5-43
MERGED from [com.google.android.gms:play-services-tasks:9.0.0] AndroidManifest.xml:4:5-43
MERGED from [com.google.android.gms:play-services-basement:9.0.0] AndroidManifest.xml:18:5-42
MERGED from [com.android.support:support-v4:23.4.0] AndroidManifest.xml:20:5-43
MERGED from [com.google.firebase:firebase-analytics-impl:9.0.0] AndroidManifest.xml:18:5-42
MERGED from [com.google.android.gms:play-services-base:9.0.0] AndroidManifest.xml:18:5-42
MERGED from [com.google.android.gms:play-services-basement:9.0.0] AndroidManifest.xml:18:5-42
MERGED from [com.android.support:support-v4:23.4.0] AndroidManifest.xml:20:5-43
MERGED from [com.google.firebase:firebase-common:9.0.0] AndroidManifest.xml:4:5-43
MERGED from [com.google.android.gms:play-services-basement:9.0.0] AndroidManifest.xml:18:5-42
MERGED from [com.android.support:support-v4:23.4.0] AndroidManifest.xml:20:5-43
MERGED from [com.google.android.gms:play-services-tasks:9.0.0] AndroidManifest.xml:4:5-43
MERGED from [com.google.android.gms:play-services-basement:9.0.0] AndroidManifest.xml:18:5-42
MERGED from [com.android.support:support-v4:23.4.0] AndroidManifest.xml:20:5-43
MERGED from [com.google.android.gms:play-services-tasks:9.0.0] AndroidManifest.xml:4:5-43
MERGED from [com.google.android.gms:play-services-basement:9.0.0] AndroidManifest.xml:18:5-42
MERGED from [com.android.support:support-v4:23.4.0] AndroidManifest.xml:20:5-43
MERGED from [com.google.android.gms:play-services-basement:9.0.0] AndroidManifest.xml:18:5-42
MERGED from [com.android.support:support-v4:23.4.0] AndroidManifest.xml:20:5-43
MERGED from [com.google.firebase:firebase-iid:9.0.0] AndroidManifest.xml:18:5-42
MERGED from [com.google.android.gms:play-services-basement:9.0.0] AndroidManifest.xml:18:5-42
MERGED from [com.android.support:support-v4:23.4.0] AndroidManifest.xml:20:5-43
MERGED from [com.google.firebase:firebase-common:9.0.0] AndroidManifest.xml:4:5-43
MERGED from [com.google.android.gms:play-services-basement:9.0.0] AndroidManifest.xml:18:5-42
MERGED from [com.android.support:support-v4:23.4.0] AndroidManifest.xml:20:5-43
MERGED from [com.google.android.gms:play-services-tasks:9.0.0] AndroidManifest.xml:4:5-43
MERGED from [com.google.android.gms:play-services-basement:9.0.0] AndroidManifest.xml:18:5-42
MERGED from [com.android.support:support-v4:23.4.0] AndroidManifest.xml:20:5-43
MERGED from [com.google.firebase:firebase-common:9.0.0] AndroidManifest.xml:4:5-43
MERGED from [com.google.android.gms:play-services-basement:9.0.0] AndroidManifest.xml:18:5-42
MERGED from [com.android.support:support-v4:23.4.0] AndroidManifest.xml:20:5-43
MERGED from [com.google.android.gms:play-services-tasks:9.0.0] AndroidManifest.xml:4:5-43
MERGED from [com.google.android.gms:play-services-basement:9.0.0] AndroidManifest.xml:18:5-42
MERGED from [com.android.support:support-v4:23.4.0] AndroidManifest.xml:20:5-43
MERGED from [com.android.support:appcompat-v7:23.4.0] AndroidManifest.xml:21:5-23:78
MERGED from [com.android.support:animated-vector-drawable:23.4.0] AndroidManifest.xml:5:5-44
MERGED from [com.android.support:support-vector-drawable:23.4.0] AndroidManifest.xml:5:5-43
MERGED from [com.android.support:support-v4:23.4.0] AndroidManifest.xml:20:5-43
MERGED from [com.android.support:support-v4:23.4.0] AndroidManifest.xml:20:5-43
MERGED from [com.android.support:support-vector-drawable:23.4.0] AndroidManifest.xml:5:5-43
MERGED from [com.android.support:support-v4:23.4.0] AndroidManifest.xml:20:5-43
MERGED from [com.android.support:cardview-v7:23.4.0] AndroidManifest.xml:20:5-43
MERGED from [com.android.support:design:23.4.0] AndroidManifest.xml:20:5-43
MERGED from [com.android.support:recyclerview-v7:23.4.0] AndroidManifest.xml:20:5-43
MERGED from [com.android.support:support-v4:23.4.0] AndroidManifest.xml:20:5-43
MERGED from [com.android.support:appcompat-v7:23.4.0] AndroidManifest.xml:21:5-23:78
MERGED from [com.android.support:animated-vector-drawable:23.4.0] AndroidManifest.xml:5:5-44
MERGED from [com.android.support:support-vector-drawable:23.4.0] AndroidManifest.xml:5:5-43
MERGED from [com.android.support:support-v4:23.4.0] AndroidManifest.xml:20:5-43
MERGED from [com.android.support:support-v4:23.4.0] AndroidManifest.xml:20:5-43
MERGED from [com.android.support:support-vector-drawable:23.4.0] AndroidManifest.xml:5:5-43
MERGED from [com.android.support:support-v4:23.4.0] AndroidManifest.xml:20:5-43
MERGED from [com.android.support:support-v4:23.4.0] AndroidManifest.xml:20:5-43
MERGED from [com.daimajia.slider:library:1.1.5] AndroidManifest.xml:7:5-9:41
MERGED from [com.android.support:recyclerview-v7:23.4.0] AndroidManifest.xml:20:5-43
MERGED from [com.android.support:support-v4:23.4.0] AndroidManifest.xml:20:5-43
MERGED from [com.android.support:support-v4:23.4.0] AndroidManifest.xml:20:5-43
MERGED from [com.github.jd-alexander:LikeButton:0.2.0] AndroidManifest.xml:7:5-9:41
MERGED from [com.android.support:appcompat-v7:23.4.0] AndroidManifest.xml:21:5-23:78
MERGED from [com.android.support:animated-vector-drawable:23.4.0] AndroidManifest.xml:5:5-44
MERGED from [com.android.support:support-vector-drawable:23.4.0] AndroidManifest.xml:5:5-43
MERGED from [com.android.support:support-v4:23.4.0] AndroidManifest.xml:20:5-43
MERGED from [com.android.support:support-v4:23.4.0] AndroidManifest.xml:20:5-43
MERGED from [com.android.support:support-vector-drawable:23.4.0] AndroidManifest.xml:5:5-43
MERGED from [com.android.support:support-v4:23.4.0] AndroidManifest.xml:20:5-43
MERGED from [com.google.android.gms:play-services-analytics:9.0.0] AndroidManifest.xml:18:5-42
MERGED from [com.google.android.gms:play-services-analytics-impl:9.0.0] AndroidManifest.xml:18:5-42
MERGED from [com.google.android.gms:play-services-base:9.0.0] AndroidManifest.xml:18:5-42
MERGED from [com.google.android.gms:play-services-basement:9.0.0] AndroidManifest.xml:18:5-42
MERGED from [com.android.support:support-v4:23.4.0] AndroidManifest.xml:20:5-43
MERGED from [com.google.firebase:firebase-common:9.0.0] AndroidManifest.xml:4:5-43
MERGED from [com.google.android.gms:play-services-basement:9.0.0] AndroidManifest.xml:18:5-42
MERGED from [com.android.support:support-v4:23.4.0] AndroidManifest.xml:20:5-43
MERGED from [com.google.android.gms:play-services-tasks:9.0.0] AndroidManifest.xml:4:5-43
MERGED from [com.google.android.gms:play-services-basement:9.0.0] AndroidManifest.xml:18:5-42
MERGED from [com.android.support:support-v4:23.4.0] AndroidManifest.xml:20:5-43
MERGED from [com.google.android.gms:play-services-tasks:9.0.0] AndroidManifest.xml:4:5-43
MERGED from [com.google.android.gms:play-services-basement:9.0.0] AndroidManifest.xml:18:5-42
MERGED from [com.android.support:support-v4:23.4.0] AndroidManifest.xml:20:5-43
MERGED from [com.google.android.gms:play-services-basement:9.0.0] AndroidManifest.xml:18:5-42
MERGED from [com.android.support:support-v4:23.4.0] AndroidManifest.xml:20:5-43
MERGED from [com.google.android.gms:play-services-base:9.0.0] AndroidManifest.xml:18:5-42
MERGED from [com.google.android.gms:play-services-basement:9.0.0] AndroidManifest.xml:18:5-42
MERGED from [com.android.support:support-v4:23.4.0] AndroidManifest.xml:20:5-43
MERGED from [com.google.firebase:firebase-common:9.0.0] AndroidManifest.xml:4:5-43
MERGED from [com.google.android.gms:play-services-basement:9.0.0] AndroidManifest.xml:18:5-42
MERGED from [com.android.support:support-v4:23.4.0] AndroidManifest.xml:20:5-43
MERGED from [com.google.android.gms:play-services-tasks:9.0.0] AndroidManifest.xml:4:5-43
MERGED from [com.google.android.gms:play-services-basement:9.0.0] AndroidManifest.xml:18:5-42
MERGED from [com.android.support:support-v4:23.4.0] AndroidManifest.xml:20:5-43
MERGED from [com.google.android.gms:play-services-tasks:9.0.0] AndroidManifest.xml:4:5-43
MERGED from [com.google.android.gms:play-services-basement:9.0.0] AndroidManifest.xml:18:5-42
MERGED from [com.android.support:support-v4:23.4.0] AndroidManifest.xml:20:5-43
MERGED from [com.google.android.gms:play-services-basement:9.0.0] AndroidManifest.xml:18:5-42
MERGED from [com.android.support:support-v4:23.4.0] AndroidManifest.xml:20:5-43
	tools:overrideLibrary
		ADDED from [com.android.support:appcompat-v7:23.4.0] AndroidManifest.xml:23:9-75
	android:targetSdkVersion
		INJECTED from src\main\AndroidManifest.xml
		INJECTED from src\main\AndroidManifest.xml
	android:minSdkVersion
		INJECTED from src\main\AndroidManifest.xml
		INJECTED from src\main\AndroidManifest.xml
uses-permission#android.permission.WAKE_LOCK
ADDED from [com.google.firebase:firebase-analytics:9.0.0] AndroidManifest.xml:24:5-67
MERGED from [com.google.firebase:firebase-analytics-impl:9.0.0] AndroidManifest.xml:24:5-67
MERGED from [com.google.firebase:firebase-iid:9.0.0] AndroidManifest.xml:22:5-68
MERGED from [com.google.android.gms:play-services-analytics:9.0.0] AndroidManifest.xml:25:5-67
MERGED from [com.google.android.gms:play-services-analytics-impl:9.0.0] AndroidManifest.xml:25:5-67
	android:name
		ADDED from [com.google.firebase:firebase-analytics:9.0.0] AndroidManifest.xml:24:22-65
receiver#com.google.android.gms.measurement.AppMeasurementReceiver
ADDED from [com.google.firebase:firebase-analytics:9.0.0] AndroidManifest.xml:28:7-34:18
MERGED from [com.google.firebase:firebase-analytics-impl:9.0.0] AndroidManifest.xml:28:7-34:18
	android:enabled
		ADDED from [com.google.firebase:firebase-analytics:9.0.0] AndroidManifest.xml:30:11-33
	android:name
		ADDED from [com.google.firebase:firebase-analytics:9.0.0] AndroidManifest.xml:29:11-83
intent-filter#com.google.android.gms.measurement.UPLOAD
ADDED from [com.google.firebase:firebase-analytics:9.0.0] AndroidManifest.xml:31:9-33:25
action#com.google.android.gms.measurement.UPLOAD
ADDED from [com.google.firebase:firebase-analytics:9.0.0] AndroidManifest.xml:32:11-77
	android:name
		ADDED from [com.google.firebase:firebase-analytics:9.0.0] AndroidManifest.xml:32:19-75
service#com.google.android.gms.measurement.AppMeasurementService
ADDED from [com.google.firebase:firebase-analytics:9.0.0] AndroidManifest.xml:36:7-39:37
MERGED from [com.google.firebase:firebase-analytics-impl:9.0.0] AndroidManifest.xml:36:7-39:37
	android:enabled
		ADDED from [com.google.firebase:firebase-analytics:9.0.0] AndroidManifest.xml:38:11-33
	android:exported
		ADDED from [com.google.firebase:firebase-analytics:9.0.0] AndroidManifest.xml:39:11-35
	android:name
		ADDED from [com.google.firebase:firebase-analytics:9.0.0] AndroidManifest.xml:37:11-82
meta-data#com.google.android.gms.version
ADDED from [com.google.android.gms:play-services-basement:9.0.0] AndroidManifest.xml:21:9-23:69
MERGED from [com.google.android.gms:play-services-basement:9.0.0] AndroidManifest.xml:21:9-23:69
MERGED from [com.google.android.gms:play-services-basement:9.0.0] AndroidManifest.xml:21:9-23:69
MERGED from [com.google.android.gms:play-services-basement:9.0.0] AndroidManifest.xml:21:9-23:69
MERGED from [com.google.android.gms:play-services-basement:9.0.0] AndroidManifest.xml:21:9-23:69
MERGED from [com.google.android.gms:play-services-basement:9.0.0] AndroidManifest.xml:21:9-23:69
MERGED from [com.google.android.gms:play-services-basement:9.0.0] AndroidManifest.xml:21:9-23:69
MERGED from [com.google.android.gms:play-services-basement:9.0.0] AndroidManifest.xml:21:9-23:69
MERGED from [com.google.android.gms:play-services-basement:9.0.0] AndroidManifest.xml:21:9-23:69
MERGED from [com.google.android.gms:play-services-basement:9.0.0] AndroidManifest.xml:21:9-23:69
MERGED from [com.google.android.gms:play-services-basement:9.0.0] AndroidManifest.xml:21:9-23:69
MERGED from [com.google.android.gms:play-services-basement:9.0.0] AndroidManifest.xml:21:9-23:69
MERGED from [com.google.android.gms:play-services-basement:9.0.0] AndroidManifest.xml:21:9-23:69
MERGED from [com.google.android.gms:play-services-basement:9.0.0] AndroidManifest.xml:21:9-23:69
MERGED from [com.google.android.gms:play-services-basement:9.0.0] AndroidManifest.xml:21:9-23:69
MERGED from [com.google.android.gms:play-services-basement:9.0.0] AndroidManifest.xml:21:9-23:69
MERGED from [com.google.android.gms:play-services-basement:9.0.0] AndroidManifest.xml:21:9-23:69
MERGED from [com.google.android.gms:play-services-basement:9.0.0] AndroidManifest.xml:21:9-23:69
MERGED from [com.google.android.gms:play-services-basement:9.0.0] AndroidManifest.xml:21:9-23:69
MERGED from [com.google.android.gms:play-services-basement:9.0.0] AndroidManifest.xml:21:9-23:69
MERGED from [com.google.android.gms:play-services-basement:9.0.0] AndroidManifest.xml:21:9-23:69
MERGED from [com.google.android.gms:play-services-basement:9.0.0] AndroidManifest.xml:21:9-23:69
MERGED from [com.google.android.gms:play-services-basement:9.0.0] AndroidManifest.xml:21:9-23:69
	android:value
		ADDED from [com.google.android.gms:play-services-basement:9.0.0] AndroidManifest.xml:23:13-66
	android:name
		ADDED from [com.google.android.gms:play-services-basement:9.0.0] AndroidManifest.xml:22:13-58
provider#com.google.firebase.provider.FirebaseInitProvider
ADDED from [com.google.firebase:firebase-common:9.0.0] AndroidManifest.xml:7:9-11:39
MERGED from [com.google.firebase:firebase-common:9.0.0] AndroidManifest.xml:7:9-11:39
MERGED from [com.google.firebase:firebase-common:9.0.0] AndroidManifest.xml:7:9-11:39
MERGED from [com.google.firebase:firebase-common:9.0.0] AndroidManifest.xml:7:9-11:39
MERGED from [com.google.firebase:firebase-common:9.0.0] AndroidManifest.xml:7:9-11:39
MERGED from [com.google.firebase:firebase-common:9.0.0] AndroidManifest.xml:7:9-11:39
	android:authorities
		ADDED from [com.google.firebase:firebase-common:9.0.0] AndroidManifest.xml:8:13-72
	android:exported
		ADDED from [com.google.firebase:firebase-common:9.0.0] AndroidManifest.xml:10:13-37
	android:initOrder
		ADDED from [com.google.firebase:firebase-common:9.0.0] AndroidManifest.xml:11:13-36
	android:name
		ADDED from [com.google.firebase:firebase-common:9.0.0] AndroidManifest.xml:9:13-58
activity#com.google.android.gms.common.api.GoogleApiActivity
ADDED from [com.google.android.gms:play-services-base:9.0.0] AndroidManifest.xml:20:9-22:45
MERGED from [com.google.android.gms:play-services-base:9.0.0] AndroidManifest.xml:20:9-22:45
MERGED from [com.google.android.gms:play-services-base:9.0.0] AndroidManifest.xml:20:9-22:45
	android:exported
		ADDED from [com.google.android.gms:play-services-base:9.0.0] AndroidManifest.xml:22:19-43
	android:theme
		ADDED from [com.google.android.gms:play-services-base:9.0.0] AndroidManifest.xml:21:19-78
	android:name
		ADDED from [com.google.android.gms:play-services-base:9.0.0] AndroidManifest.xml:20:19-85
uses-permission#com.google.android.c2dm.permission.RECEIVE
ADDED from [com.google.firebase:firebase-iid:9.0.0] AndroidManifest.xml:23:5-82
	android:name
		ADDED from [com.google.firebase:firebase-iid:9.0.0] AndroidManifest.xml:23:22-79
permission#${applicationId}.permission.C2D_MESSAGE
ADDED from [com.google.firebase:firebase-iid:9.0.0] AndroidManifest.xml:25:5-26:47
	android:protectionLevel
		ADDED from [com.google.firebase:firebase-iid:9.0.0] AndroidManifest.xml:26:9-44
	android:name
		ADDED from [com.google.firebase:firebase-iid:9.0.0] AndroidManifest.xml:25:17-71
uses-permission#${applicationId}.permission.C2D_MESSAGE
ADDED from [com.google.firebase:firebase-iid:9.0.0] AndroidManifest.xml:28:5-79
	android:name
		ADDED from [com.google.firebase:firebase-iid:9.0.0] AndroidManifest.xml:28:22-76
receiver#com.google.firebase.iid.FirebaseInstanceIdReceiver
ADDED from [com.google.firebase:firebase-iid:9.0.0] AndroidManifest.xml:32:9-41:20
	android:exported
		ADDED from [com.google.firebase:firebase-iid:9.0.0] AndroidManifest.xml:34:13-36
	android:permission
		ADDED from [com.google.firebase:firebase-iid:9.0.0] AndroidManifest.xml:35:13-73
	android:name
		ADDED from [com.google.firebase:firebase-iid:9.0.0] AndroidManifest.xml:33:13-78
intent-filter#${applicationId}+com.google.android.c2dm.intent.RECEIVE+com.google.android.c2dm.intent.REGISTRATION
ADDED from [com.google.firebase:firebase-iid:9.0.0] AndroidManifest.xml:36:13-40:29
action#com.google.android.c2dm.intent.RECEIVE
ADDED from [com.google.firebase:firebase-iid:9.0.0] AndroidManifest.xml:37:17-81
	android:name
		ADDED from [com.google.firebase:firebase-iid:9.0.0] AndroidManifest.xml:37:25-78
action#com.google.android.c2dm.intent.REGISTRATION
ADDED from [com.google.firebase:firebase-iid:9.0.0] AndroidManifest.xml:38:17-86